Live reload server started on port: 35729
Press CTRL+C to quit ...

[0;36minfo:[0m 7 plugins are installed 
[0;36minfo:[0m loading plugin "livereload"... [0;32mOK[0m 
[0;36minfo:[0m loading plugin "highlight"... [0;32mOK[0m 
[0;36minfo:[0m loading plugin "search"... [0;32mOK[0m 
[0;36minfo:[0m loading plugin "lunr"... [0;32mOK[0m 
[0;36minfo:[0m loading plugin "sharing"... [0;32mOK[0m 
[0;36minfo:[0m loading plugin "fontsettings"... [0;32mOK[0m 
[0;36minfo:[0m loading plugin "theme-default"... [0;32mOK[0m 
[0;36minfo:[0m found 7 pages 
[0;36minfo:[0m found 1 asset files 
[0;36minfo:[0m [0;32m>> [0mgeneration finished with success in 1.2s ! 

Starting server ...
Serving book on http://localhost:4000
Restart after change in file law_strategy/fa_ce_pan_jue_an_li_tui_jian.md

Stopping server
[0;36minfo:[0m 7 plugins are installed 
[0;36minfo:[0m loading plugin "livereload"... [0;32mOK[0m 
[0;36minfo:[0m loading plugin "highlight"... [0;32mOK[0m 
[0;36minfo:[0m loading plugin "search"... [0;32mOK[0m 
[0;36minfo:[0m loading plugin "lunr"... [0;32mOK[0m 
[0;36minfo:[0m loading plugin "sharing"... [0;32mOK[0m 
[0;36minfo:[0m loading plugin "fontsettings"... [0;32mOK[0m 
[0;36minfo:[0m loading plugin "theme-default"... [0;32mOK[0m 
[0;36minfo:[0m found 7 pages 
[0;36minfo:[0m found 1 asset files 
[0;36minfo:[0m [0;32m>> [0mgeneration finished with success in 1.5s ! 

Starting server ...
Serving book on http://localhost:4000
Restart after change in file law_strategy/fa_ce_pan_jue_an_li_tui_jian.md

Stopping server
[0;36minfo:[0m 7 plugins are installed 
[0;36minfo:[0m loading plugin "livereload"... [0;32mOK[0m 
[0;36minfo:[0m loading plugin "highlight"... [0;32mOK[0m 
[0;36minfo:[0m loading plugin "search"... [0;32mOK[0m 
[0;36minfo:[0m loading plugin "lunr"... [0;32mOK[0m 
[0;36minfo:[0m loading plugin "sharing"... [0;32mOK[0m 
[0;36minfo:[0m loading plugin "fontsettings"... [0;32mOK[0m 
[0;36minfo:[0m loading plugin "theme-default"... [0;32mOK[0m 
[0;36minfo:[0m found 7 pages 
[0;36minfo:[0m found 1 asset files 
[0;36minfo:[0m [0;32m>> [0mgeneration finished with success in 0.8s ! 

Starting server ...
Serving book on http://localhost:4000
Restart after change in file weibo_predict/weibo_predict_xiaoji_yu_jiji.md

Stopping server
[0;36minfo:[0m 7 plugins are installed 
[0;36minfo:[0m loading plugin "livereload"... [0;32mOK[0m 
[0;36minfo:[0m loading plugin "highlight"... [0;32mOK[0m 
[0;36minfo:[0m loading plugin "search"... [0;32mOK[0m 
[0;36minfo:[0m loading plugin "lunr"... [0;32mOK[0m 
[0;36minfo:[0m loading plugin "sharing"... [0;32mOK[0m 
[0;36minfo:[0m loading plugin "fontsettings"... [0;32mOK[0m 
[0;36minfo:[0m loading plugin "theme-default"... [0;32mOK[0m 
[0;36minfo:[0m found 7 pages 
[0;36minfo:[0m found 2 asset files 
[0;36minfo:[0m [0;32m>> [0mgeneration finished with success in 1.1s ! 

Starting server ...
Serving book on http://localhost:4000
Restart after change in file weibo_predict/weibo_predict.md

Stopping server
[0;36minfo:[0m 7 plugins are installed 
[0;36minfo:[0m loading plugin "livereload"... [0;32mOK[0m 
[0;36minfo:[0m loading plugin "highlight"... [0;32mOK[0m 
[0;36minfo:[0m loading plugin "search"... [0;32mOK[0m 
[0;36minfo:[0m loading plugin "lunr"... [0;32mOK[0m 
[0;36minfo:[0m loading plugin "sharing"... [0;32mOK[0m 
[0;36minfo:[0m loading plugin "fontsettings"... [0;32mOK[0m 
[0;36minfo:[0m loading plugin "theme-default"... [0;32mOK[0m 
[0;36minfo:[0m found 7 pages 
[0;36minfo:[0m found 3 asset files 
[0;36minfo:[0m [0;32m>> [0mgeneration finished with success in 1.0s ! 

Starting server ...
Serving book on http://localhost:4000
Restart after change in file README.md

Stopping server
[0;36minfo:[0m 7 plugins are installed 
[0;36minfo:[0m loading plugin "livereload"... [0;32mOK[0m 
[0;36minfo:[0m loading plugin "highlight"... [0;32mOK[0m 
[0;36minfo:[0m loading plugin "search"... [0;32mOK[0m 
[0;36minfo:[0m loading plugin "lunr"... [0;32mOK[0m 
[0;36minfo:[0m loading plugin "sharing"... [0;32mOK[0m 
[0;36minfo:[0m loading plugin "fontsettings"... [0;32mOK[0m 
[0;36minfo:[0m loading plugin "theme-default"... [0;32mOK[0m 
[0;36minfo:[0m found 7 pages 
[0;36minfo:[0m found 3 asset files 
[0;36minfo:[0m [0;32m>> [0mgeneration finished with success in 0.8s ! 

Starting server ...
Serving book on http://localhost:4000
Restart after change in file weibo_predict/weibo_predict_xiaoji_yu_jiji.md

Stopping server
[0;36minfo:[0m 7 plugins are installed 
[0;36minfo:[0m loading plugin "livereload"... [0;32mOK[0m 
[0;36minfo:[0m loading plugin "highlight"... [0;32mOK[0m 
[0;36minfo:[0m loading plugin "search"... [0;32mOK[0m 
[0;36minfo:[0m loading plugin "lunr"... [0;32mOK[0m 
[0;36minfo:[0m loading plugin "sharing"... [0;32mOK[0m 
[0;36minfo:[0m loading plugin "fontsettings"... [0;32mOK[0m 
[0;36minfo:[0m loading plugin "theme-default"... [0;32mOK[0m 
[0;36minfo:[0m found 9 pages 
[0;36minfo:[0m found 1 asset files 
[0;36minfo:[0m [0;32m>> [0mgeneration finished with success in 1.1s ! 

Starting server ...
Serving book on http://localhost:4000
Restart after change in file weibo_predict/weibo_predict_xiaoji_yu_jiji.md

Stopping server
[0;36minfo:[0m 7 plugins are installed 
[0;36minfo:[0m loading plugin "livereload"... [0;32mOK[0m 
[0;36minfo:[0m loading plugin "highlight"... [0;32mOK[0m 
[0;36minfo:[0m loading plugin "search"... [0;32mOK[0m 
[0;36minfo:[0m loading plugin "lunr"... [0;32mOK[0m 
[0;36minfo:[0m loading plugin "sharing"... [0;32mOK[0m 
[0;36minfo:[0m loading plugin "fontsettings"... [0;32mOK[0m 
[0;36minfo:[0m loading plugin "theme-default"... [0;32mOK[0m 
[0;36minfo:[0m found 9 pages 
[0;36minfo:[0m found 1 asset files 
[0;36minfo:[0m [0;32m>> [0mgeneration finished with success in 1.2s ! 

Starting server ...
Serving book on http://localhost:4000
Restart after change in file weibo_predict/weibo_predict_xiaoji_yu_jiji.md

Stopping server
[0;36minfo:[0m 7 plugins are installed 
[0;36minfo:[0m loading plugin "livereload"... [0;32mOK[0m 
[0;36minfo:[0m loading plugin "highlight"... [0;32mOK[0m 
[0;36minfo:[0m loading plugin "search"... [0;32mOK[0m 
[0;36minfo:[0m loading plugin "lunr"... [0;32mOK[0m 
[0;36minfo:[0m loading plugin "sharing"... [0;32mOK[0m 
[0;36minfo:[0m loading plugin "fontsettings"... [0;32mOK[0m 
[0;36minfo:[0m loading plugin "theme-default"... [0;32mOK[0m 
[0;36minfo:[0m found 9 pages 
[0;36minfo:[0m found 1 asset files 
[0;36minfo:[0m [0;32m>> [0mgeneration finished with success in 1.1s ! 

Starting server ...
Serving book on http://localhost:4000
Restart after change in file law_strategy/law_strategy.md

Stopping server
[0;36minfo:[0m 7 plugins are installed 
[0;36minfo:[0m loading plugin "livereload"... [0;32mOK[0m 
[0;36minfo:[0m loading plugin "highlight"... [0;32mOK[0m 
[0;36minfo:[0m loading plugin "search"... [0;32mOK[0m 
[0;36minfo:[0m loading plugin "lunr"... [0;32mOK[0m 
[0;36minfo:[0m loading plugin "sharing"... [0;32mOK[0m 
[0;36minfo:[0m loading plugin "fontsettings"... [0;32mOK[0m 
[0;36minfo:[0m loading plugin "theme-default"... [0;32mOK[0m 
[0;36minfo:[0m found 9 pages 
[0;36minfo:[0m found 1 asset files 
[0;36minfo:[0m [0;32m>> [0mgeneration finished with success in 1.3s ! 

Starting server ...
Serving book on http://localhost:4000
